2018-03-19 14:59:33.932 [http-nio-8080-exec-1] ERROR com.example.demo.controller.admin.GlobalExceptionHandler - find exception:e=Invalid bound statement (not found): com.example.demo.mapper.OptionVoMapper.selectByPrimaryKey
2018-03-19 15:04:33.609 [http-nio-8080-exec-2] ERROR com.example.demo.controller.admin.GlobalExceptionHandler - find exception:e=Invalid bound statement (not found): com.example.demo.mapper.OptionVoMapper.selectByPrimaryKey
2018-03-19 15:12:27.360 [http-nio-8080-exec-2] ERROR com.example.demo.controller.admin.GlobalExceptionHandler - find exception:e=Invalid bound statement (not found): com.example.demo.mapper.OptionVoMapper.selectByPrimaryKey
2018-03-19 15:18:46.662 [http-nio-8080-exec-1] ERROR com.example.demo.controller.admin.GlobalExceptionHandler - find exception:e=Invalid bound statement (not found): com.example.demo.mapper.OptionVoMapper.selectByPrimaryKey
2018-03-19 15:22:25.272 [http-nio-8080-exec-2] ERROR com.example.demo.controller.admin.GlobalExceptionHandler - find exception:e=Invalid bound statement (not found): com.example.demo.mapper.OptionVoMapper.selectByExample
2018-03-19 15:27:58.005 [http-nio-8080-exec-2] ERROR com.example.demo.controller.admin.GlobalExceptionHandler - find exception:e=Invalid bound statement (not found): com.example.demo.mapper.OptionVoMapper.selectByExample
2018-03-19 15:30:36.464 [http-nio-8080-exec-1] ERROR com.example.demo.controller.admin.GlobalExceptionHandler - find exception:e=Invalid bound statement (not found): com.example.demo.mapper.OptionVoMapper.selectByExample
2018-03-19 15:35:10.862 [http-nio-8080-exec-1] ERROR com.example.demo.controller.admin.GlobalExceptionHandler - find exception:e=Invalid bound statement (not found): com.example.demo.mapper.OptionVoMapper.selectByExample
2018-03-19 15:46:39.135 [http-nio-8080-exec-1] ERROR com.example.demo.controller.admin.GlobalExceptionHandler - find exception:e=Invalid bound statement (not found): com.example.demo.mapper.OptionVoMapper.selectByExample
2018-03-19 15:49:58.421 [http-nio-8080-exec-1] ERROR com.example.demo.controller.admin.GlobalExceptionHandler - find exception:e=Invalid bound statement (not found): com.example.demo.mapper.OptionVoMapper.selectByExample
2018-03-19 17:13:30.394 [http-nio-8080-exec-1] ERROR com.example.demo.controller.GlobalExceptionHandler - find exception:e=Invalid bound statement (not found): com.example.demo.mapper.OptionVoMapper.selectByExample
2018-03-19 17:30:47.024 [http-nio-8080-exec-2] ERROR com.example.demo.controller.GlobalExceptionHandler - find exception:e=Invalid bound statement (not found): com.example.demo.mapper.OptionVoMapper.selectByExample
2018-03-19 17:31:29.770 [http-nio-8080-exec-4] ERROR com.example.demo.controller.GlobalExceptionHandler - find exception:e=Invalid bound statement (not found): com.example.demo.mapper.OptionVoMapper.selectByExample
2018-03-19 17:31:34.844 [http-nio-8080-exec-3] ERROR com.example.demo.controller.GlobalExceptionHandler - find exception:e=Invalid bound statement (not found): com.example.demo.mapper.OptionVoMapper.selectByExample
2018-03-20 10:03:04.160 [http-nio-8080-exec-5] ERROR com.example.demo.controller.GlobalExceptionHandler - find exception:e=null
2018-03-20 10:05:32.754 [http-nio-8080-exec-5] ERROR com.example.demo.controller.GlobalExceptionHandler - find exception:e=null
2018-03-20 10:05:50.022 [http-nio-8080-exec-9] ERROR com.example.demo.controller.GlobalExceptionHandler - find exception:e=null
2018-03-20 10:06:46.217 [http-nio-8080-exec-9] DEBUG com.example.demo.service.impl.ContentServiceImpl - Enter getContents method
2018-03-20 10:06:59.408 [http-nio-8080-exec-9] ERROR com.example.demo.controller.GlobalExceptionHandler - find exception:e=Invalid bound statement (not found): com.example.demo.mapper.ContentVoMapper.selectByExampleWithBLOBs
2018-03-20 10:07:08.551 [http-nio-8080-exec-8] DEBUG com.example.demo.service.impl.ContentServiceImpl - Enter getContents method
2018-03-20 10:07:09.790 [http-nio-8080-exec-8] ERROR com.example.demo.controller.GlobalExceptionHandler - find exception:e=Invalid bound statement (not found): com.example.demo.mapper.ContentVoMapper.selectByExampleWithBLOBs
2018-03-20 10:07:37.010 [http-nio-8080-exec-10] DEBUG com.example.demo.service.impl.ContentServiceImpl - Enter getContents method
2018-03-20 10:11:59.750 [http-nio-8080-exec-10] ERROR com.example.demo.controller.GlobalExceptionHandler - find exception:e=Invalid bound statement (not found): com.example.demo.mapper.ContentVoMapper.selectByExampleWithBLOBs
2018-03-20 10:13:17.986 [http-nio-8080-exec-7] DEBUG com.example.demo.service.impl.ContentServiceImpl - Enter getContents method
2018-03-20 10:13:23.865 [http-nio-8080-exec-7] DEBUG com.example.demo.service.impl.ContentServiceImpl - Exit getContents method
